Removed Pin From Net: NetName=GND Pin=J6-A2
Removed Pin From Net: NetName=NetC15_1 Pin=J6-A3
Change Component Footprint: Designator=J6 Old Footprint=SC_SMT_3_81_180G_03 New Footprint=SC_SMT_3_81_180G_02
Change Component Comment : Designator=J6 Old Comment=Power Input New Comment=Power
Change Managed Component Library Link : Designator=J6 Old VaultGUID=B7D15EC3-160A-466F-A46C-7801FE6295A7 New VaultGUID=B7D15EC3-160A-466F-A46C-7801FE6295A7 Old ItemGUID=1496565E-8AD2-4366-9E92-1354AB322807 New ItemGUID=60D1791D-FFBB-45C2-838A-0A86B44CF5D9 Old RevisionGUID=9139DD21-DA83-462D-B79B-69D361F701C6 New RevisionGUID=2532C1D9-DD66-4F01-BA78-F497DD2EDEFC
Change component parameters: Designator = "J6" ("J6"); Footprint = "SC_SMT_3_81_180G_03"; UniqueID = "\GFAOKJMS" ("\GFAOKJMS")
Change component parameters (AddParameter): Name = "Colour"; Value = "Black"; VariantName = "[No Variations]"
Change component parameters (AddParameter): Name = "ComponentLink1Description"; Value = "Manufacturer URL"; VariantName = "[No Variations]"
Change component parameters (AddParameter): Name = "ComponentLink1URL"; Value = "http://www.weidmueller.com/"; VariantName = "[No Variations]"
Change component parameters (AddParameter): Name = "ComponentLink2Description"; Value = "URL Link1"; VariantName = "[No Variations]"
Change component parameters (AddParameter): Name = "ComponentLink2URL"; Value = "http://catalog.weidmueller.com/catalog/Start.do?localeId=en&ObjectID=1863720000"; VariantName = "[No Variations]"
Change component parameters (AddParameter): Name = "Contact_surface"; Value = "tinned"; VariantName = "[No Variations]"
Change component parameters (AddParameter): Name = "Insulating_material"; Value = "LCP GF"; VariantName = "[No Variations]"
Change component parameters (AddParameter): Name = "Manufacturer"; Value = "Weidmueller"; VariantName = "[No Variations]"
Change component parameters (AddParameter): Name = "Mounting_onto_the_PCB"; Value = "Reflow solder connection"; VariantName = "[No Variations]"
Change component parameters (AddParameter): Name = "No_of_poles"; Value = "2"; VariantName = "[No Variations]"
Change component parameters (AddParameter): Name = "Outgoing_elbow"; Value = "180°"; VariantName = "[No Variations]"
Change component parameters (AddParameter): Name = "PackageReference"; Value = "SC_SMT_3_81_180G_02"; VariantName = "[No Variations]"
Change component parameters (AddParameter): Name = "Packaging"; Value = "Box"; VariantName = "[No Variations]"
Change component parameters (AddParameter): Name = "PartNumber"; Value = "1863720000"; VariantName = "[No Variations]"
Change component parameters (AddParameter): Name = "Pitch_inch"; Value = "0.15 inch"; VariantName = "[No Variations]"
Change component parameters (AddParameter): Name = "Pitch_mm"; Value = "3.81 mm"; VariantName = "[No Variations]"
Change component parameters (AddParameter): Name = "Qty"; Value = "50 PCS"; VariantName = "[No Variations]"
Change component parameters (AddParameter): Name = "Rated_current_min_no_of_poles_TU_20_deg_C"; Value = "17.5 A"; VariantName = "[No Variations]"
Change component parameters (AddParameter): Name = "Rated_current_use_group_B_UL_1059"; Value = "10 A"; VariantName = "[No Variations]"
Change component parameters (AddParameter): Name = "Rated_voltage_for_surge_voltage_class_pollution_degree_II_2"; Value = "320 V"; VariantName = "[No Variations]"
Change component parameters (AddParameter): Name = "Rated_voltage_use_group_B_UL_1059"; Value = "300 V"; VariantName = "[No Variations]"
Change component parameters (AddParameter): Name = "Revision"; Value = "V1"; VariantName = "[No Variations]"
Change component parameters (AddParameter): Name = "Short_text_for_material"; Value = "SC-SMT 3.81/02/180G 1.5SN BK BX"; VariantName = "[No Variations]"
Change component parameters (AddParameter): Name = "Side_termination_characteristic"; Value = "closed side"; VariantName = "[No Variations]"
Change component parameters (AddParameter): Name = "Solder_pin_length_mm"; Value = "1.5 mm"; VariantName = "[No Variations]"
Change component parameters (AddParameter): Name = "UL_94_flammability_rating"; Value = "V-0"; VariantName = "[No Variations]"
Added Component: Designator=R17(FP-RLR07-MFG)
Add component (AddParameter): Name = "Case/Package"; Value = "Conformal"; VariantName = "[No Variations]"
Add component (AddParameter): Name = "Composition"; Value = "Metal Film"; VariantName = "[No Variations]"
Add component (AddParameter): Name = "Contact Plating"; Value = "Lead, Tin"; VariantName = "[No Variations]"
Add component (AddParameter): Name = "Diameter"; Value = "2.29mm"; VariantName = "[No Variations]"
Add component (AddParameter): Name = "Failure Rate"; Value = "0.001%"; VariantName = "[No Variations]"
Add component (AddParameter): Name = "Features"; Value = "Military, Moisture Resistant, Weldable"; VariantName = "[No Variations]"
Add component (AddParameter): Name = "Lead Free"; Value = "Contains Lead"; VariantName = "[No Variations]"
Add component (AddParameter): Name = "Length"; Value = "7.62mm"; VariantName = "[No Variations]"
Add component (AddParameter): Name = "Max Operating Temperature"; Value = "150°C"; VariantName = "[No Variations]"
Add component (AddParameter): Name = "Max Power Dissipation"; Value = "250mW"; VariantName = "[No Variations]"
Add component (AddParameter): Name = "Military Standard"; Value = "MIL-PRF-39017"; VariantName = "[No Variations]"
Add component (AddParameter): Name = "Min Operating Temperature"; Value = "-65°C"; VariantName = "[No Variations]"
Add component (AddParameter): Name = "Mount"; Value = "Through Hole"; VariantName = "[No Variations]"
Add component (AddParameter): Name = "NexarPartId"; Value = "42769933"; VariantName = "[No Variations]"
Add component (AddParameter): Name = "Number of Terminations"; Value = "2"; VariantName = "[No Variations]"
Add component (AddParameter): Name = "Packaging"; Value = "Bulk"; VariantName = "[No Variations]"
Add component (AddParameter): Name = "Power Rating"; Value = "250mW"; VariantName = "[No Variations]"
Add component (AddParameter): Name = "Resistance"; Value = "15O"; VariantName = "[No Variations]"
Add component (AddParameter): Name = "RoHS"; Value = "Compliant"; VariantName = "[No Variations]"
Add component (AddParameter): Name = "Schedule B"; Value = "8533210090"; VariantName = "[No Variations]"
Add component (AddParameter): Name = "Temperature Coefficient"; Value = "100ppm/°C"; VariantName = "[No Variations]"
Add component (AddParameter): Name = "Termination"; Value = "Axial"; VariantName = "[No Variations]"
Add component (AddParameter): Name = "Tolerance"; Value = "1%"; VariantName = "[No Variations]"
Add component (AddParameter): Name = "Width"; Value = "2.29mm"; VariantName = "[No Variations]"
Added Component: Designator=R18(FP-RLR07-MFG)
Add component (AddParameter): Name = "Case/Package"; Value = "Conformal"; VariantName = "[No Variations]"
Add component (AddParameter): Name = "Composition"; Value = "Metal Film"; VariantName = "[No Variations]"
Add component (AddParameter): Name = "Contact Plating"; Value = "Lead, Tin"; VariantName = "[No Variations]"
Add component (AddParameter): Name = "Diameter"; Value = "2.29mm"; VariantName = "[No Variations]"
Add component (AddParameter): Name = "Failure Rate"; Value = "0.001%"; VariantName = "[No Variations]"
Add component (AddParameter): Name = "Features"; Value = "Military, Moisture Resistant, Weldable"; VariantName = "[No Variations]"
Add component (AddParameter): Name = "Lead Free"; Value = "Contains Lead"; VariantName = "[No Variations]"
Add component (AddParameter): Name = "Length"; Value = "7.62mm"; VariantName = "[No Variations]"
Add component (AddParameter): Name = "Max Operating Temperature"; Value = "150°C"; VariantName = "[No Variations]"
Add component (AddParameter): Name = "Max Power Dissipation"; Value = "250mW"; VariantName = "[No Variations]"
Add component (AddParameter): Name = "Military Standard"; Value = "MIL-PRF-39017"; VariantName = "[No Variations]"
Add component (AddParameter): Name = "Min Operating Temperature"; Value = "-65°C"; VariantName = "[No Variations]"
Add component (AddParameter): Name = "Mount"; Value = "Through Hole"; VariantName = "[No Variations]"
Add component (AddParameter): Name = "NexarPartId"; Value = "42769933"; VariantName = "[No Variations]"
Add component (AddParameter): Name = "Number of Terminations"; Value = "2"; VariantName = "[No Variations]"
Add component (AddParameter): Name = "Packaging"; Value = "Bulk"; VariantName = "[No Variations]"
Add component (AddParameter): Name = "Power Rating"; Value = "250mW"; VariantName = "[No Variations]"
Add component (AddParameter): Name = "Resistance"; Value = "15O"; VariantName = "[No Variations]"
Add component (AddParameter): Name = "RoHS"; Value = "Compliant"; VariantName = "[No Variations]"
Add component (AddParameter): Name = "Schedule B"; Value = "8533210090"; VariantName = "[No Variations]"
Add component (AddParameter): Name = "Temperature Coefficient"; Value = "100ppm/°C"; VariantName = "[No Variations]"
Add component (AddParameter): Name = "Termination"; Value = "Axial"; VariantName = "[No Variations]"
Add component (AddParameter): Name = "Tolerance"; Value = "1%"; VariantName = "[No Variations]"
Add component (AddParameter): Name = "Width"; Value = "2.29mm"; VariantName = "[No Variations]"
Added Pin To Net: NetName=NetC15_1 Pin=J6-A2
Added Pin To Net: NetName=GND Pin=R17-1
Added Pin To Net: NetName=NetC14_2 Pin=R17-2
Added Pin To Net: NetName=NetC15_1 Pin=R18-1
Added Pin To Net: NetName=GND Pin=R18-2
Added Member To Class: ClassName=Amplifier Member=Component R17 68k 0.25W
Added Member To Class: ClassName=Amplifier Member=Component R18 68k 0.25W
