Change Component Footprint: Designator=J1 Old Footprint=SC_SMT_3_81_90G_02 New Footprint=SC_SMT_3_81_180G_02
Change Component Footprint: Designator=J5 Old Footprint=SC_SMT_3_81_90G_02 New Footprint=SC_SMT_3_81_180G_02
Change Managed Component Library Link : Designator=J1 Old VaultGUID=B7D15EC3-160A-466F-A46C-7801FE6295A7 New VaultGUID=B7D15EC3-160A-466F-A46C-7801FE6295A7 Old ItemGUID=C9BBD613-F220-48C2-B995-C550DF4D3610 New ItemGUID=60D1791D-FFBB-45C2-838A-0A86B44CF5D9 Old RevisionGUID=16055534-08A4-47E6-B037-628F04E8DD08 New RevisionGUID=2532C1D9-DD66-4F01-BA78-F497DD2EDEFC
Change Managed Component Library Link : Designator=J5 Old VaultGUID=B7D15EC3-160A-466F-A46C-7801FE6295A7 New VaultGUID=B7D15EC3-160A-466F-A46C-7801FE6295A7 Old ItemGUID=C9BBD613-F220-48C2-B995-C550DF4D3610 New ItemGUID=60D1791D-FFBB-45C2-838A-0A86B44CF5D9 Old RevisionGUID=16055534-08A4-47E6-B037-628F04E8DD08 New RevisionGUID=2532C1D9-DD66-4F01-BA78-F497DD2EDEFC
Change component parameters: Designator = "J1" ("J1"); Footprint = "SC_SMT_3_81_90G_02"; UniqueID = "\NPWMOXNH" ("\NPWMOXNH")
Change component parameters (AddParameter): Name = "Colour"; Value = "Black"; VariantName = "[No Variations]"
Change component parameters (AddParameter): Name = "ComponentLink1Description"; Value = "Manufacturer URL"; VariantName = "[No Variations]"
Change component parameters (AddParameter): Name = "ComponentLink1URL"; Value = "http://www.weidmueller.com/"; VariantName = "[No Variations]"
Change component parameters (AddParameter): Name = "ComponentLink2Description"; Value = "URL Link1"; VariantName = "[No Variations]"
Change component parameters (AddParameter): Name = "ComponentLink2URL"; Value = "http://catalog.weidmueller.com/catalog/Start.do?localeId=en&ObjectID=1863720000"; VariantName = "[No Variations]"
Change component parameters (AddParameter): Name = "Contact_surface"; Value = "tinned"; VariantName = "[No Variations]"
Change component parameters (AddParameter): Name = "Insulating_material"; Value = "LCP GF"; VariantName = "[No Variations]"
Change component parameters (AddParameter): Name = "Manufacturer"; Value = "Weidmueller"; VariantName = "[No Variations]"
Change component parameters (AddParameter): Name = "Mounting_onto_the_PCB"; Value = "Reflow solder connection"; VariantName = "[No Variations]"
Change component parameters (AddParameter): Name = "No_of_poles"; Value = "2"; VariantName = "[No Variations]"
Change component parameters (AddParameter): Name = "Outgoing_elbow"; Value = "180°"; VariantName = "[No Variations]"
Change component parameters (AddParameter): Name = "PackageReference"; Value = "SC_SMT_3_81_180G_02"; VariantName = "[No Variations]"
Change component parameters (AddParameter): Name = "Packaging"; Value = "Box"; VariantName = "[No Variations]"
Change component parameters (AddParameter): Name = "PartNumber"; Value = "1863720000"; VariantName = "[No Variations]"
Change component parameters (AddParameter): Name = "Pitch_inch"; Value = "0.15 inch"; VariantName = "[No Variations]"
Change component parameters (AddParameter): Name = "Pitch_mm"; Value = "3.81 mm"; VariantName = "[No Variations]"
Change component parameters (AddParameter): Name = "Qty"; Value = "50 PCS"; VariantName = "[No Variations]"
Change component parameters (AddParameter): Name = "Rated_current_min_no_of_poles_TU_20_deg_C"; Value = "17.5 A"; VariantName = "[No Variations]"
Change component parameters (AddParameter): Name = "Rated_current_use_group_B_UL_1059"; Value = "10 A"; VariantName = "[No Variations]"
Change component parameters (AddParameter): Name = "Rated_voltage_for_surge_voltage_class_pollution_degree_II_2"; Value = "320 V"; VariantName = "[No Variations]"
Change component parameters (AddParameter): Name = "Rated_voltage_use_group_B_UL_1059"; Value = "300 V"; VariantName = "[No Variations]"
Change component parameters (AddParameter): Name = "Revision"; Value = "V1"; VariantName = "[No Variations]"
Change component parameters (AddParameter): Name = "Short_text_for_material"; Value = "SC-SMT 3.81/02/180G 1.5SN BK BX"; VariantName = "[No Variations]"
Change component parameters (AddParameter): Name = "Side_termination_characteristic"; Value = "closed side"; VariantName = "[No Variations]"
Change component parameters (AddParameter): Name = "Solder_pin_length_mm"; Value = "1.5 mm"; VariantName = "[No Variations]"
Change component parameters (AddParameter): Name = "UL_94_flammability_rating"; Value = "V-0"; VariantName = "[No Variations]"
Change component parameters: Designator = "J5" ("J5"); Footprint = "SC_SMT_3_81_90G_02"; UniqueID = "\PWCFVNWF" ("\PWCFVNWF")
Change component parameters (AddParameter): Name = "Colour"; Value = "Black"; VariantName = "[No Variations]"
Change component parameters (AddParameter): Name = "ComponentLink1Description"; Value = "Manufacturer URL"; VariantName = "[No Variations]"
Change component parameters (AddParameter): Name = "ComponentLink1URL"; Value = "http://www.weidmueller.com/"; VariantName = "[No Variations]"
Change component parameters (AddParameter): Name = "ComponentLink2Description"; Value = "URL Link1"; VariantName = "[No Variations]"
Change component parameters (AddParameter): Name = "ComponentLink2URL"; Value = "http://catalog.weidmueller.com/catalog/Start.do?localeId=en&ObjectID=1863720000"; VariantName = "[No Variations]"
Change component parameters (AddParameter): Name = "Contact_surface"; Value = "tinned"; VariantName = "[No Variations]"
Change component parameters (AddParameter): Name = "Insulating_material"; Value = "LCP GF"; VariantName = "[No Variations]"
Change component parameters (AddParameter): Name = "Manufacturer"; Value = "Weidmueller"; VariantName = "[No Variations]"
Change component parameters (AddParameter): Name = "Mounting_onto_the_PCB"; Value = "Reflow solder connection"; VariantName = "[No Variations]"
Change component parameters (AddParameter): Name = "No_of_poles"; Value = "2"; VariantName = "[No Variations]"
Change component parameters (AddParameter): Name = "Outgoing_elbow"; Value = "180°"; VariantName = "[No Variations]"
Change component parameters (AddParameter): Name = "PackageReference"; Value = "SC_SMT_3_81_180G_02"; VariantName = "[No Variations]"
Change component parameters (AddParameter): Name = "Packaging"; Value = "Box"; VariantName = "[No Variations]"
Change component parameters (AddParameter): Name = "PartNumber"; Value = "1863720000"; VariantName = "[No Variations]"
Change component parameters (AddParameter): Name = "Pitch_inch"; Value = "0.15 inch"; VariantName = "[No Variations]"
Change component parameters (AddParameter): Name = "Pitch_mm"; Value = "3.81 mm"; VariantName = "[No Variations]"
Change component parameters (AddParameter): Name = "Qty"; Value = "50 PCS"; VariantName = "[No Variations]"
Change component parameters (AddParameter): Name = "Rated_current_min_no_of_poles_TU_20_deg_C"; Value = "17.5 A"; VariantName = "[No Variations]"
Change component parameters (AddParameter): Name = "Rated_current_use_group_B_UL_1059"; Value = "10 A"; VariantName = "[No Variations]"
Change component parameters (AddParameter): Name = "Rated_voltage_for_surge_voltage_class_pollution_degree_II_2"; Value = "320 V"; VariantName = "[No Variations]"
Change component parameters (AddParameter): Name = "Rated_voltage_use_group_B_UL_1059"; Value = "300 V"; VariantName = "[No Variations]"
Change component parameters (AddParameter): Name = "Revision"; Value = "V1"; VariantName = "[No Variations]"
Change component parameters (AddParameter): Name = "Short_text_for_material"; Value = "SC-SMT 3.81/02/180G 1.5SN BK BX"; VariantName = "[No Variations]"
Change component parameters (AddParameter): Name = "Side_termination_characteristic"; Value = "closed side"; VariantName = "[No Variations]"
Change component parameters (AddParameter): Name = "Solder_pin_length_mm"; Value = "1.5 mm"; VariantName = "[No Variations]"
Change component parameters (AddParameter): Name = "UL_94_flammability_rating"; Value = "V-0"; VariantName = "[No Variations]"
